2018-09-06T09:57:09+00:00 INFO (6): Bootstrap => Bootstrap::_initLogging
2018-09-06T09:57:12+00:00 INFO (6): Bootstrap => Bootstrap::_initLogging
2018-09-06T09:57:13+00:00 INFO (6): Bootstrap => Bootstrap::_initLogging
2018-09-06T09:57:13+00:00 INFO (6): Bootstrap => Bootstrap::_initLogging
2018-09-06T09:57:14+00:00 INFO (6): Bootstrap => Bootstrap::_initLogging
2018-09-06T09:57:14+00:00 INFO (6): Bootstrap => Bootstrap::_initLogging
2018-09-06T09:57:17+00:00 INFO (6): Bootstrap => Bootstrap::_initLogging
2018-09-06T09:57:17+00:00 INFO (6): Bootstrap => Bootstrap::_initLogging
2018-09-06T09:57:21+00:00 INFO (6): Bootstrap => Bootstrap::_initLogging
2018-09-06T09:57:21+00:00 INFO (6): Bootstrap => Bootstrap::_initLogging
2018-09-06T09:57:52+00:00 INFO (6): Bootstrap => Bootstrap::_initLogging
2018-09-06T09:57:53+00:00 INFO (6): Bootstrap => Bootstrap::_initLogging
2018-09-06T09:57:53+00:00 INFO (6): Bootstrap => Bootstrap::_initLogging
2018-09-06T09:57:53+00:00 INFO (6): Bootstrap => Bootstrap::_initLogging
2018-09-06T09:57:54+00:00 INFO (6): Bootstrap => Bootstrap::_initLogging
2018-09-06T09:57:55+00:00 INFO (6): Bootstrap => Bootstrap::_initLogging
2018-09-06T09:57:57+00:00 INFO (6): Bootstrap => Bootstrap::_initLogging
2018-09-06T09:57:58+00:00 INFO (6): Bootstrap => Bootstrap::_initLogging
2018-09-06T09:57:59+00:00 INFO (6): Bootstrap => Bootstrap::_initLogging
2018-09-06T09:58:00+00:00 INFO (6): Bootstrap => Bootstrap::_initLogging
2018-09-06T09:58:00+00:00 INFO (6): Bootstrap => Bootstrap::_initLogging
2018-09-06T09:58:21+00:00 INFO (6): Bootstrap => Bootstrap::_initLogging
2018-09-06T09:58:21+00:00 INFO (6): Bootstrap => Bootstrap::_initLogging
2018-09-06T09:58:22+00:00 INFO (6): Bootstrap => Bootstrap::_initLogging
2018-09-06T09:58:22+00:00 INFO (6): Bootstrap => Bootstrap::_initLogging
2018-09-06T09:58:23+00:00 INFO (6): Bootstrap => Bootstrap::_initLogging
2018-09-06T09:58:24+00:00 INFO (6): Bootstrap => Bootstrap::_initLogging
2018-09-06T09:58:24+00:00 INFO (6): Bootstrap => Bootstrap::_initLogging
2018-09-06T09:58:26+00:00 INFO (6): Bootstrap => Bootstrap::_initLogging
2018-09-06T09:58:27+00:00 INFO (6): Bootstrap => Bootstrap::_initLogging
2018-09-06T09:58:28+00:00 INFO (6): Bootstrap => Bootstrap::_initLogging
2018-09-06T09:58:29+00:00 INFO (6): Bootstrap => Bootstrap::_initLogging
2018-09-06T09:58:30+00:00 INFO (6): Bootstrap => Bootstrap::_initLogging
2018-09-06T09:58:31+00:00 INFO (6): Bootstrap => Bootstrap::_initLogging
2018-09-06T09:58:33+00:00 INFO (6): Bootstrap => Bootstrap::_initLogging
2018-09-06T09:58:34+00:00 INFO (6): Bootstrap => Bootstrap::_initLogging
2018-09-06T09:58:38+00:00 INFO (6): Bootstrap => Bootstrap::_initLogging
2018-09-06T09:58:39+00:00 INFO (6): Bootstrap => Bootstrap::_initLogging
2018-09-06T09:58:40+00:00 INFO (6): Bootstrap => Bootstrap::_initLogging
2018-09-06T09:58:41+00:00 INFO (6): Bootstrap => Bootstrap::_initLogging
2018-09-06T09:58:42+00:00 INFO (6): Bootstrap => Bootstrap::_initLogging
2018-09-06T09:58:42+00:00 INFO (6): Bootstrap => Bootstrap::_initLogging
2018-09-06T09:58:42+00:00 INFO (6): Bootstrap => Bootstrap::_initLogging
2018-09-06T09:58:43+00:00 INFO (6): Bootstrap => Bootstrap::_initLogging
2018-09-06T09:58:44+00:00 INFO (6): Bootstrap => Bootstrap::_initLogging
2018-09-06T09:58:45+00:00 INFO (6): Bootstrap => Bootstrap::_initLogging
2018-09-06T10:01:14+00:00 INFO (6): Bootstrap => Bootstrap::_initLogging
2018-09-06T10:01:15+00:00 INFO (6): Bootstrap => Bootstrap::_initLogging
2018-09-06T10:02:24+00:00 INFO (6): Bootstrap => Bootstrap::_initLogging
2018-09-06T10:02:25+00:00 INFO (6): Bootstrap => Bootstrap::_initLogging
2018-09-06T10:02:26+00:00 INFO (6): Bootstrap => Bootstrap::_initLogging
2018-09-06T10:02:31+00:00 INFO (6): Bootstrap => Bootstrap::_initLogging
2018-09-06T10:02:31+00:00 INFO (6): Bootstrap => Bootstrap::_initLogging
2018-09-06T10:02:31+00:00 CRIT (2): Application error => Resource 'js' not found
2018-09-06T10:02:31+00:00 INFO (6): Bootstrap => Bootstrap::_initLogging
2018-09-06T10:02:31+00:00 CRIT (2): Application error => Resource 'js' not found
2018-09-06T10:02:31+00:00 CRIT (2): Application error => Resource 'css' not found
2018-09-06T10:02:35+00:00 INFO (6): Bootstrap => Bootstrap::_initLogging
2018-09-06T10:02:47+00:00 INFO (6): Bootstrap => Bootstrap::_initLogging
2018-09-06T10:02:56+00:00 INFO (6): Bootstrap => Bootstrap::_initLogging
2018-09-06T10:02:57+00:00 INFO (6): Bootstrap => Bootstrap::_initLogging
2018-09-06T10:03:10+00:00 INFO (6): Bootstrap => Bootstrap::_initLogging
2018-09-06T10:03:12+00:00 INFO (6): Bootstrap => Bootstrap::_initLogging
2018-09-06T10:03:21+00:00 INFO (6): Bootstrap => Bootstrap::_initLogging
2018-09-06T10:03:21+00:00 INFO (6): Bootstrap => Bootstrap::_initLogging
2018-09-06T10:03:22+00:00 INFO (6): Bootstrap => Bootstrap::_initLogging
2018-09-06T10:03:22+00:00 INFO (6): Bootstrap => Bootstrap::_initLogging
2018-09-06T10:03:22+00:00 INFO (6): Bootstrap => Bootstrap::_initLogging
2018-09-06T10:03:23+00:00 INFO (6): Bootstrap => Bootstrap::_initLogging
2018-09-06T10:03:27+00:00 INFO (6): Bootstrap => Bootstrap::_initLogging
2018-09-06T10:03:29+00:00 INFO (6): Bootstrap => Bootstrap::_initLogging
2018-09-06T10:03:33+00:00 INFO (6): Bootstrap => Bootstrap::_initLogging
2018-09-06T10:03:33+00:00 INFO (6): Bootstrap => Bootstrap::_initLogging
2018-09-06T10:03:36+00:00 INFO (6): Bootstrap => Bootstrap::_initLogging
2018-09-06T10:03:38+00:00 INFO (6): Bootstrap => Bootstrap::_initLogging
2018-09-06T10:03:39+00:00 INFO (6): Bootstrap => Bootstrap::_initLogging
2018-09-06T10:03:40+00:00 INFO (6): Bootstrap => Bootstrap::_initLogging
2018-09-06T10:04:22+00:00 INFO (6): Bootstrap => Bootstrap::_initLogging
2018-09-06T10:04:23+00:00 INFO (6): Bootstrap => Bootstrap::_initLogging
2018-09-06T10:04:24+00:00 INFO (6): Bootstrap => Bootstrap::_initLogging
2018-09-06T10:04:27+00:00 INFO (6): Bootstrap => Bootstrap::_initLogging
2018-09-06T10:04:28+00:00 INFO (6): Bootstrap => Bootstrap::_initLogging
2018-09-06T10:04:29+00:00 INFO (6): Bootstrap => Bootstrap::_initLogging
2018-09-06T10:04:30+00:00 INFO (6): Bootstrap => Bootstrap::_initLogging
2018-09-06T10:04:31+00:00 INFO (6): Bootstrap => Bootstrap::_initLogging
2018-09-06T10:04:34+00:00 INFO (6): Bootstrap => Bootstrap::_initLogging
2018-09-06T10:04:37+00:00 INFO (6): Bootstrap => Bootstrap::_initLogging
2018-09-06T10:05:06+00:00 INFO (6): Bootstrap => Bootstrap::_initLogging
2018-09-06T10:05:07+00:00 INFO (6): Bootstrap => Bootstrap::_initLogging
2018-09-06T10:05:07+00:00 INFO (6): Bootstrap => Bootstrap::_initLogging
2018-09-06T10:05:07+00:00 INFO (6): Bootstrap => Bootstrap::_initLogging
2018-09-06T10:05:08+00:00 INFO (6): Bootstrap => Bootstrap::_initLogging
2018-09-06T10:05:13+00:00 INFO (6): Bootstrap => Bootstrap::_initLogging
2018-09-06T10:05:13+00:00 INFO (6): Bootstrap => Bootstrap::_initLogging
2018-09-06T10:05:14+00:00 INFO (6): Bootstrap => Bootstrap::_initLogging
2018-09-06T10:05:37+00:00 INFO (6): Bootstrap => Bootstrap::_initLogging
2018-09-06T10:05:38+00:00 INFO (6): Bootstrap => Bootstrap::_initLogging
2018-09-06T10:05:42+00:00 INFO (6): Bootstrap => Bootstrap::_initLogging
2018-09-06T10:05:42+00:00 INFO (6): Bootstrap => Bootstrap::_initLogging
2018-09-06T10:05:44+00:00 INFO (6): Bootstrap => Bootstrap::_initLogging
2018-09-06T10:05:53+00:00 INFO (6): Bootstrap => Bootstrap::_initLogging
2018-09-06T10:05:54+00:00 INFO (6): Bootstrap => Bootstrap::_initLogging
2018-09-06T10:05:54+00:00 INFO (6): Bootstrap => Bootstrap::_initLogging
2018-09-06T10:06:00+00:00 INFO (6): Bootstrap => Bootstrap::_initLogging
2018-09-06T10:06:01+00:00 INFO (6): Bootstrap => Bootstrap::_initLogging
2018-09-06T10:06:56+00:00 INFO (6): Bootstrap => Bootstrap::_initLogging
2018-09-06T10:06:57+00:00 INFO (6): Bootstrap => Bootstrap::_initLogging
2018-09-06T10:07:03+00:00 INFO (6): Bootstrap => Bootstrap::_initLogging
2018-09-06T10:07:03+00:00 INFO (6): Bootstrap => Bootstrap::_initLogging
2018-09-06T10:07:04+00:00 INFO (6): Bootstrap => Bootstrap::_initLogging
2018-09-06T10:07:04+00:00 INFO (6): Bootstrap => Bootstrap::_initLogging
2018-09-06T10:07:05+00:00 INFO (6): Bootstrap => Bootstrap::_initLogging
2018-09-06T10:07:05+00:00 INFO (6): Bootstrap => Bootstrap::_initLogging
2018-09-06T10:07:07+00:00 INFO (6): Bootstrap => Bootstrap::_initLogging
2018-09-06T10:07:08+00:00 INFO (6): Bootstrap => Bootstrap::_initLogging
2018-09-06T10:07:09+00:00 INFO (6): Bootstrap => Bootstrap::_initLogging
2018-09-06T10:40:13+00:00 INFO (6): Bootstrap => Bootstrap::_initLogging
2018-09-06T10:40:14+00:00 INFO (6): Bootstrap => Bootstrap::_initLogging
2018-09-06T10:40:16+00:00 INFO (6): Bootstrap => Bootstrap::_initLogging
2018-09-06T10:40:17+00:00 INFO (6): Bootstrap => Bootstrap::_initLogging
2018-09-06T10:40:21+00:00 INFO (6): Bootstrap => Bootstrap::_initLogging
2018-09-06T10:40:24+00:00 INFO (6): Bootstrap => Bootstrap::_initLogging
2018-09-06T10:40:25+00:00 INFO (6): Bootstrap => Bootstrap::_initLogging
2018-09-06T10:40:25+00:00 INFO (6): Bootstrap => Bootstrap::_initLogging
2018-09-06T10:40:26+00:00 INFO (6): Bootstrap => Bootstrap::_initLogging
2018-09-06T10:40:34+00:00 INFO (6): Bootstrap => Bootstrap::_initLogging
2018-09-06T10:40:37+00:00 INFO (6): Bootstrap => Bootstrap::_initLogging
2018-09-06T10:40:38+00:00 INFO (6): Bootstrap => Bootstrap::_initLogging
2018-09-06T10:40:39+00:00 INFO (6): Bootstrap => Bootstrap::_initLogging
2018-09-06T10:40:40+00:00 INFO (6): Bootstrap => Bootstrap::_initLogging
2018-09-06T10:40:41+00:00 INFO (6): Bootstrap => Bootstrap::_initLogging
2018-09-06T10:40:41+00:00 INFO (6): Bootstrap => Bootstrap::_initLogging
2018-09-06T10:40:42+00:00 INFO (6): Bootstrap => Bootstrap::_initLogging
2018-09-06T10:40:45+00:00 INFO (6): Bootstrap => Bootstrap::_initLogging
2018-09-06T10:40:47+00:00 INFO (6): Bootstrap => Bootstrap::_initLogging
2018-09-06T10:40:50+00:00 INFO (6): Bootstrap => Bootstrap::_initLogging
2018-09-06T10:40:52+00:00 INFO (6): Bootstrap => Bootstrap::_initLogging
2018-09-06T10:41:06+00:00 INFO (6): Bootstrap => Bootstrap::_initLogging
2018-09-06T10:41:06+00:00 INFO (6): Bootstrap => Bootstrap::_initLogging
2018-09-06T10:41:07+00:00 INFO (6): Bootstrap => Bootstrap::_initLogging
2018-09-06T10:41:08+00:00 INFO (6): Bootstrap => Bootstrap::_initLogging
2018-09-06T10:41:22+00:00 INFO (6): Bootstrap => Bootstrap::_initLogging
2018-09-06T10:41:23+00:00 INFO (6): Bootstrap => Bootstrap::_initLogging
2018-09-06T10:41:30+00:00 INFO (6): Bootstrap => Bootstrap::_initLogging
2018-09-06T10:41:32+00:00 INFO (6): Bootstrap => Bootstrap::_initLogging
2018-09-06T10:41:34+00:00 INFO (6): Bootstrap => Bootstrap::_initLogging
2018-09-06T10:41:34+00:00 INFO (6): Bootstrap => Bootstrap::_initLogging
2018-09-06T10:41:35+00:00 INFO (6): Bootstrap => Bootstrap::_initLogging
2018-09-06T10:41:36+00:00 INFO (6): Bootstrap => Bootstrap::_initLogging
2018-09-06T10:41:37+00:00 INFO (6): Bootstrap => Bootstrap::_initLogging
2018-09-06T10:41:39+00:00 INFO (6): Bootstrap => Bootstrap::_initLogging
2018-09-06T10:41:40+00:00 INFO (6): Bootstrap => Bootstrap::_initLogging
2018-09-06T10:41:40+00:00 INFO (6): Bootstrap => Bootstrap::_initLogging
2018-09-06T10:41:43+00:00 INFO (6): Bootstrap => Bootstrap::_initLogging
2018-09-06T10:41:46+00:00 INFO (6): Bootstrap => Bootstrap::_initLogging
2018-09-06T10:41:49+00:00 INFO (6): Bootstrap => Bootstrap::_initLogging
2018-09-06T10:41:55+00:00 INFO (6): Bootstrap => Bootstrap::_initLogging
2018-09-06T10:41:55+00:00 INFO (6): Bootstrap => Bootstrap::_initLogging
2018-09-06T10:41:56+00:00 INFO (6): Bootstrap => Bootstrap::_initLogging
2018-09-06T10:41:57+00:00 INFO (6): Bootstrap => Bootstrap::_initLogging
2018-09-06T10:42:07+00:00 INFO (6): Bootstrap => Bootstrap::_initLogging
2018-09-06T10:42:16+00:00 INFO (6): Bootstrap => Bootstrap::_initLogging
2018-09-06T10:42:17+00:00 INFO (6): Bootstrap => Bootstrap::_initLogging
2018-09-06T10:42:17+00:00 INFO (6): Bootstrap => Bootstrap::_initLogging
2018-09-06T10:42:19+00:00 INFO (6): Bootstrap => Bootstrap::_initLogging
2018-09-06T10:42:19+00:00 INFO (6): Bootstrap => Bootstrap::_initLogging
2018-09-06T10:42:20+00:00 INFO (6): Bootstrap => Bootstrap::_initLogging
2018-09-06T10:42:20+00:00 INFO (6): Bootstrap => Bootstrap::_initLogging
2018-09-06T10:44:03+00:00 INFO (6): Bootstrap => Bootstrap::_initLogging
2018-09-06T10:44:06+00:00 INFO (6): Bootstrap => Bootstrap::_initLogging
2018-09-06T10:44:07+00:00 INFO (6): Bootstrap => Bootstrap::_initLogging
2018-09-06T10:44:09+00:00 INFO (6): Bootstrap => Bootstrap::_initLogging
2018-09-06T10:44:11+00:00 INFO (6): Bootstrap => Bootstrap::_initLogging
2018-09-06T10:44:17+00:00 INFO (6): Bootstrap => Bootstrap::_initLogging
2018-09-06T10:44:20+00:00 INFO (6): Bootstrap => Bootstrap::_initLogging
2018-09-06T10:45:13+00:00 INFO (6): Bootstrap => Bootstrap::_initLogging
2018-09-06T10:45:22+00:00 INFO (6): Bootstrap => Bootstrap::_initLogging
2018-09-06T10:45:25+00:00 INFO (6): Bootstrap => Bootstrap::_initLogging
2018-09-06T10:45:25+00:00 INFO (6): Bootstrap => Bootstrap::_initLogging
2018-09-06T10:45:25+00:00 INFO (6): Bootstrap => Bootstrap::_initLogging
2018-09-06T10:45:25+00:00 CRIT (2): Application error => Resource 'js' not found
2018-09-06T10:45:25+00:00 CRIT (2): Application error => Resource 'js' not found
2018-09-06T10:45:25+00:00 CRIT (2): Application error => Resource 'css' not found
2018-09-06T10:45:35+00:00 INFO (6): Bootstrap => Bootstrap::_initLogging
2018-09-06T10:46:08+00:00 INFO (6): Bootstrap => Bootstrap::_initLogging
2018-09-06T10:46:21+00:00 INFO (6): Bootstrap => Bootstrap::_initLogging
2018-09-06T10:46:28+00:00 INFO (6): Bootstrap => Bootstrap::_initLogging
2018-09-06T13:02:34+00:00 INFO (6): Bootstrap => Bootstrap::_initLogging
2018-09-06T13:02:37+00:00 INFO (6): Bootstrap => Bootstrap::_initLogging
2018-09-06T13:02:37+00:00 INFO (6): Bootstrap => Bootstrap::_initLogging
2018-09-06T13:02:38+00:00 INFO (6): Bootstrap => Bootstrap::_initLogging
2018-09-06T13:02:39+00:00 INFO (6): Bootstrap => Bootstrap::_initLogging
2018-09-06T13:02:39+00:00 INFO (6): Bootstrap => Bootstrap::_initLogging
2018-09-06T13:02:40+00:00 INFO (6): Bootstrap => Bootstrap::_initLogging
2018-09-06T13:02:49+00:00 INFO (6): Bootstrap => Bootstrap::_initLogging
2018-09-06T13:02:50+00:00 INFO (6): Bootstrap => Bootstrap::_initLogging
2018-09-06T13:02:51+00:00 INFO (6): Bootstrap => Bootstrap::_initLogging
2018-09-06T13:03:13+00:00 INFO (6): Bootstrap => Bootstrap::_initLogging
2018-09-06T13:03:15+00:00 INFO (6): Bootstrap => Bootstrap::_initLogging
2018-09-06T13:03:28+00:00 INFO (6): Bootstrap => Bootstrap::_initLogging
2018-09-06T13:03:34+00:00 INFO (6): Bootstrap => Bootstrap::_initLogging
2018-09-06T13:03:37+00:00 INFO (6): Bootstrap => Bootstrap::_initLogging
2018-09-06T13:03:37+00:00 INFO (6): Bootstrap => Bootstrap::_initLogging
2018-09-06T13:03:39+00:00 INFO (6): Bootstrap => Bootstrap::_initLogging
2018-09-06T13:03:40+00:00 INFO (6): Bootstrap => Bootstrap::_initLogging
2018-09-06T13:03:40+00:00 INFO (6): Bootstrap => Bootstrap::_initLogging
2018-09-06T13:03:44+00:00 INFO (6): Bootstrap => Bootstrap::_initLogging
2018-09-06T13:03:52+00:00 INFO (6): Bootstrap => Bootstrap::_initLogging
2018-09-06T13:03:53+00:00 INFO (6): Bootstrap => Bootstrap::_initLogging
2018-09-06T13:03:54+00:00 INFO (6): Bootstrap => Bootstrap::_initLogging
2018-09-06T13:03:56+00:00 INFO (6): Bootstrap => Bootstrap::_initLogging
2018-09-06T13:03:57+00:00 INFO (6): Bootstrap => Bootstrap::_initLogging
2018-09-06T13:03:58+00:00 INFO (6): Bootstrap => Bootstrap::_initLogging
2018-09-06T13:03:59+00:00 INFO (6): Bootstrap => Bootstrap::_initLogging
2018-09-06T13:04:01+00:00 INFO (6): Bootstrap => Bootstrap::_initLogging
2018-09-06T13:04:03+00:00 INFO (6): Bootstrap => Bootstrap::_initLogging
2018-09-06T13:04:04+00:00 INFO (6): Bootstrap => Bootstrap::_initLogging
2018-09-06T13:04:07+00:00 INFO (6): Bootstrap => Bootstrap::_initLogging
2018-09-06T13:04:08+00:00 INFO (6): Bootstrap => Bootstrap::_initLogging
2018-09-06T13:04:09+00:00 INFO (6): Bootstrap => Bootstrap::_initLogging
2018-09-06T13:04:14+00:00 INFO (6): Bootstrap => Bootstrap::_initLogging
2018-09-06T13:04:14+00:00 INFO (6): Bootstrap => Bootstrap::_initLogging
2018-09-06T13:04:16+00:00 INFO (6): Bootstrap => Bootstrap::_initLogging
2018-09-06T13:04:17+00:00 INFO (6): Bootstrap => Bootstrap::_initLogging
2018-09-06T13:04:17+00:00 INFO (6): Bootstrap => Bootstrap::_initLogging
2018-09-06T13:04:19+00:00 INFO (6): Bootstrap => Bootstrap::_initLogging
2018-09-06T13:09:41+00:00 INFO (6): Bootstrap => Bootstrap::_initLogging
2018-09-06T13:09:42+00:00 INFO (6): Bootstrap => Bootstrap::_initLogging
2018-09-06T13:09:44+00:00 INFO (6): Bootstrap => Bootstrap::_initLogging
2018-09-06T13:09:45+00:00 INFO (6): Bootstrap => Bootstrap::_initLogging
2018-09-06T13:09:52+00:00 INFO (6): Bootstrap => Bootstrap::_initLogging
2018-09-06T13:10:40+00:00 INFO (6): Bootstrap => Bootstrap::_initLogging
2018-09-06T13:10:40+00:00 INFO (6): Bootstrap => Bootstrap::_initLogging
2018-09-06T13:10:42+00:00 INFO (6): Bootstrap => Bootstrap::_initLogging
2018-09-06T13:10:43+00:00 INFO (6): Bootstrap => Bootstrap::_initLogging
2018-09-06T13:10:46+00:00 INFO (6): Bootstrap => Bootstrap::_initLogging
2018-09-06T13:10:46+00:00 NOTICE (5): Page not found => Action "boo" does not exist and was not trapped in __call()
2018-09-06T13:10:48+00:00 INFO (6): Bootstrap => Bootstrap::_initLogging
2018-09-06T13:10:48+00:00 INFO (6): Bootstrap => Bootstrap::_initLogging
2018-09-06T13:12:01+00:00 INFO (6): Bootstrap => Bootstrap::_initLogging
2018-09-06T13:12:02+00:00 INFO (6): Bootstrap => Bootstrap::_initLogging
2018-09-06T13:12:06+00:00 INFO (6): Bootstrap => Bootstrap::_initLogging
2018-09-06T13:12:06+00:00 CRIT (2): Application error => script 'service/booking.phtml' not found in path (C:/wamp/www/HealthFacility/application/views\scripts/)
2018-09-06T13:12:33+00:00 INFO (6): Bootstrap => Bootstrap::_initLogging
2018-09-06T13:14:09+00:00 INFO (6): Bootstrap => Bootstrap::_initLogging
2018-09-06T13:14:09+00:00 INFO (6): Bootstrap => Bootstrap::_initLogging
2018-09-06T13:27:14+00:00 INFO (6): Bootstrap => Bootstrap::_initLogging
2018-09-06T13:27:15+00:00 INFO (6): Bootstrap => Bootstrap::_initLogging
2018-09-06T13:27:16+00:00 INFO (6): Bootstrap => Bootstrap::_initLogging
2018-09-06T13:27:19+00:00 INFO (6): Bootstrap => Bootstrap::_initLogging
2018-09-06T13:28:30+00:00 INFO (6): Bootstrap => Bootstrap::_initLogging
2018-09-06T13:28:40+00:00 INFO (6): Bootstrap => Bootstrap::_initLogging
2018-09-06T13:28:41+00:00 INFO (6): Bootstrap => Bootstrap::_initLogging
2018-09-06T13:28:46+00:00 INFO (6): Bootstrap => Bootstrap::_initLogging
2018-09-06T13:28:53+00:00 INFO (6): Bootstrap => Bootstrap::_initLogging
2018-09-06T13:29:52+00:00 INFO (6): Bootstrap => Bootstrap::_initLogging
2018-09-06T13:30:24+00:00 INFO (6): Bootstrap => Bootstrap::_initLogging
2018-09-06T13:30:33+00:00 INFO (6): Bootstrap => Bootstrap::_initLogging
2018-09-06T13:30:34+00:00 INFO (6): Bootstrap => Bootstrap::_initLogging
2018-09-06T13:30:34+00:00 INFO (6): Bootstrap => Bootstrap::_initLogging
2018-09-06T13:30:39+00:00 INFO (6): Bootstrap => Bootstrap::_initLogging
2018-09-06T13:30:45+00:00 INFO (6): Bootstrap => Bootstrap::_initLogging
2018-09-06T13:30:50+00:00 INFO (6): Bootstrap => Bootstrap::_initLogging
2018-09-06T13:32:23+00:00 INFO (6): Bootstrap => Bootstrap::_initLogging
2018-09-06T13:32:27+00:00 INFO (6): Bootstrap => Bootstrap::_initLogging
2018-09-06T13:32:33+00:00 INFO (6): Bootstrap => Bootstrap::_initLogging
2018-09-06T13:35:02+00:00 INFO (6): Bootstrap => Bootstrap::_initLogging
2018-09-06T13:40:21+00:00 INFO (6): Bootstrap => Bootstrap::_initLogging
2018-09-06T13:40:35+00:00 INFO (6): Bootstrap => Bootstrap::_initLogging
2018-09-06T13:40:45+00:00 INFO (6): Bootstrap => Bootstrap::_initLogging
2018-09-06T13:40:47+00:00 INFO (6): Bootstrap => Bootstrap::_initLogging
2018-09-06T13:40:47+00:00 INFO (6): Bootstrap => Bootstrap::_initLogging
2018-09-06T13:40:55+00:00 INFO (6): Bootstrap => Bootstrap::_initLogging
2018-09-06T13:42:17+00:00 INFO (6): Bootstrap => Bootstrap::_initLogging
2018-09-06T13:42:43+00:00 INFO (6): Bootstrap => Bootstrap::_initLogging
2018-09-06T13:42:50+00:00 INFO (6): Bootstrap => Bootstrap::_initLogging
2018-09-06T13:45:03+00:00 INFO (6): Bootstrap => Bootstrap::_initLogging
2018-09-06T13:45:06+00:00 INFO (6): Bootstrap => Bootstrap::_initLogging
2018-09-06T13:45:08+00:00 INFO (6): Bootstrap => Bootstrap::_initLogging
2018-09-06T13:45:41+00:00 INFO (6): Bootstrap => Bootstrap::_initLogging
2018-09-06T13:46:42+00:00 INFO (6): Bootstrap => Bootstrap::_initLogging
2018-09-06T13:46:43+00:00 INFO (6): Bootstrap => Bootstrap::_initLogging
2018-09-06T13:47:09+00:00 INFO (6): Bootstrap => Bootstrap::_initLogging
2018-09-06T13:47:09+00:00 CRIT (2): Application error => Unrecognized method 'count()'
2018-09-06T13:47:26+00:00 INFO (6): Bootstrap => Bootstrap::_initLogging
2018-09-06T13:47:39+00:00 INFO (6): Bootstrap => Bootstrap::_initLogging
2018-09-06T13:48:11+00:00 INFO (6): Bootstrap => Bootstrap::_initLogging
2018-09-06T13:49:06+00:00 INFO (6): Bootstrap => Bootstrap::_initLogging
2018-09-06T13:49:06+00:00 CRIT (2): Application error => Unrecognized method 'exist()'
2018-09-06T13:49:41+00:00 INFO (6): Bootstrap => Bootstrap::_initLogging
2018-09-06T13:51:13+00:00 INFO (6): Bootstrap => Bootstrap::_initLogging
2018-09-06T13:51:13+00:00 CRIT (2): Application error => Specified column "booking_id" is not in the row
2018-09-06T13:52:04+00:00 INFO (6): Bootstrap => Bootstrap::_initLogging
2018-09-06T13:52:12+00:00 INFO (6): Bootstrap => Bootstrap::_initLogging
2018-09-06T13:52:20+00:00 INFO (6): Bootstrap => Bootstrap::_initLogging
2018-09-06T13:54:23+00:00 INFO (6): Bootstrap => Bootstrap::_initLogging
2018-09-06T13:55:16+00:00 INFO (6): Bootstrap => Bootstrap::_initLogging
2018-09-06T13:56:01+00:00 INFO (6): Bootstrap => Bootstrap::_initLogging
2018-09-06T13:56:19+00:00 INFO (6): Bootstrap => Bootstrap::_initLogging
2018-09-06T13:56:52+00:00 INFO (6): Bootstrap => Bootstrap::_initLogging
2018-09-06T13:56:53+00:00 INFO (6): Bootstrap => Bootstrap::_initLogging
2018-09-06T13:57:02+00:00 INFO (6): Bootstrap => Bootstrap::_initLogging
2018-09-06T13:58:10+00:00 INFO (6): Bootstrap => Bootstrap::_initLogging
2018-09-06T13:58:19+00:00 INFO (6): Bootstrap => Bootstrap::_initLogging
2018-09-06T13:58:21+00:00 INFO (6): Bootstrap => Bootstrap::_initLogging
2018-09-06T13:58:22+00:00 INFO (6): Bootstrap => Bootstrap::_initLogging
2018-09-06T13:59:07+00:00 INFO (6): Bootstrap => Bootstrap::_initLogging
2018-09-06T14:00:54+00:00 INFO (6): Bootstrap => Bootstrap::_initLogging
2018-09-06T14:00:55+00:00 INFO (6): Bootstrap => Bootstrap::_initLogging
2018-09-06T14:01:08+00:00 INFO (6): Bootstrap => Bootstrap::_initLogging
2018-09-06T14:01:21+00:00 INFO (6): Bootstrap => Bootstrap::_initLogging
2018-09-06T14:01:44+00:00 INFO (6): Bootstrap => Bootstrap::_initLogging
2018-09-06T14:01:57+00:00 INFO (6): Bootstrap => Bootstrap::_initLogging
2018-09-06T14:02:07+00:00 INFO (6): Bootstrap => Bootstrap::_initLogging
2018-09-06T14:02:55+00:00 INFO (6): Bootstrap => Bootstrap::_initLogging
2018-09-06T14:03:02+00:00 INFO (6): Bootstrap => Bootstrap::_initLogging
2018-09-06T14:03:26+00:00 INFO (6): Bootstrap => Bootstrap::_initLogging
2018-09-06T14:03:52+00:00 INFO (6): Bootstrap => Bootstrap::_initLogging
2018-09-06T14:03:53+00:00 INFO (6): Bootstrap => Bootstrap::_initLogging
2018-09-06T14:03:53+00:00 INFO (6): Bootstrap => Bootstrap::_initLogging
2018-09-06T14:04:03+00:00 INFO (6): Bootstrap => Bootstrap::_initLogging
2018-09-06T14:04:05+00:00 INFO (6): Bootstrap => Bootstrap::_initLogging
2018-09-06T14:04:16+00:00 INFO (6): Bootstrap => Bootstrap::_initLogging
2018-09-06T14:04:40+00:00 INFO (6): Bootstrap => Bootstrap::_initLogging
2018-09-06T14:04:47+00:00 INFO (6): Bootstrap => Bootstrap::_initLogging
2018-09-06T14:04:54+00:00 INFO (6): Bootstrap => Bootstrap::_initLogging
2018-09-06T14:04:58+00:00 INFO (6): Bootstrap => Bootstrap::_initLogging
2018-09-06T14:05:02+00:00 INFO (6): Bootstrap => Bootstrap::_initLogging
2018-09-06T14:08:12+00:00 INFO (6): Bootstrap => Bootstrap::_initLogging
2018-09-06T14:08:23+00:00 INFO (6): Bootstrap => Bootstrap::_initLogging
2018-09-06T14:08:30+00:00 INFO (6): Bootstrap => Bootstrap::_initLogging
2018-09-06T14:08:35+00:00 INFO (6): Bootstrap => Bootstrap::_initLogging
2018-09-06T14:08:53+00:00 INFO (6): Bootstrap => Bootstrap::_initLogging
2018-09-06T14:09:01+00:00 INFO (6): Bootstrap => Bootstrap::_initLogging
2018-09-06T14:09:09+00:00 INFO (6): Bootstrap => Bootstrap::_initLogging
2018-09-06T14:09:23+00:00 INFO (6): Bootstrap => Bootstrap::_initLogging
2018-09-06T14:11:31+00:00 INFO (6): Bootstrap => Bootstrap::_initLogging
2018-09-06T14:12:02+00:00 INFO (6): Bootstrap => Bootstrap::_initLogging
2018-09-06T14:13:08+00:00 INFO (6): Bootstrap => Bootstrap::_initLogging
2018-09-06T14:13:50+00:00 INFO (6): Bootstrap => Bootstrap::_initLogging
2018-09-06T14:15:03+00:00 INFO (6): Bootstrap => Bootstrap::_initLogging
2018-09-06T14:15:44+00:00 INFO (6): Bootstrap => Bootstrap::_initLogging
2018-09-06T14:15:48+00:00 INFO (6): Bootstrap => Bootstrap::_initLogging
2018-09-06T14:16:01+00:00 INFO (6): Bootstrap => Bootstrap::_initLogging
2018-09-06T14:16:15+00:00 INFO (6): Bootstrap => Bootstrap::_initLogging
2018-09-06T14:16:24+00:00 INFO (6): Bootstrap => Bootstrap::_initLogging
2018-09-06T14:16:35+00:00 INFO (6): Bootstrap => Bootstrap::_initLogging
2018-09-06T14:16:51+00:00 INFO (6): Bootstrap => Bootstrap::_initLogging
2018-09-06T14:17:36+00:00 INFO (6): Bootstrap => Bootstrap::_initLogging
2018-09-06T14:17:51+00:00 INFO (6): Bootstrap => Bootstrap::_initLogging
2018-09-06T14:19:50+00:00 INFO (6): Bootstrap => Bootstrap::_initLogging
2018-09-06T14:19:57+00:00 INFO (6): Bootstrap => Bootstrap::_initLogging
2018-09-06T14:20:06+00:00 INFO (6): Bootstrap => Bootstrap::_initLogging
2018-09-06T14:20:16+00:00 INFO (6): Bootstrap => Bootstrap::_initLogging
2018-09-06T14:20:26+00:00 INFO (6): Bootstrap => Bootstrap::_initLogging
2018-09-06T14:20:35+00:00 INFO (6): Bootstrap => Bootstrap::_initLogging
2018-09-06T14:21:16+00:00 INFO (6): Bootstrap => Bootstrap::_initLogging
2018-09-06T14:21:27+00:00 INFO (6): Bootstrap => Bootstrap::_initLogging
2018-09-06T14:21:44+00:00 INFO (6): Bootstrap => Bootstrap::_initLogging
2018-09-06T14:21:52+00:00 INFO (6): Bootstrap => Bootstrap::_initLogging
2018-09-06T14:23:09+00:00 INFO (6): Bootstrap => Bootstrap::_initLogging
2018-09-06T14:25:36+00:00 INFO (6): Bootstrap => Bootstrap::_initLogging
2018-09-06T14:25:37+00:00 INFO (6): Bootstrap => Bootstrap::_initLogging
2018-09-06T14:25:44+00:00 INFO (6): Bootstrap => Bootstrap::_initLogging
2018-09-06T14:25:52+00:00 INFO (6): Bootstrap => Bootstrap::_initLogging
2018-09-06T14:26:44+00:00 INFO (6): Bootstrap => Bootstrap::_initLogging
2018-09-06T14:28:55+00:00 INFO (6): Bootstrap => Bootstrap::_initLogging
2018-09-06T14:29:00+00:00 INFO (6): Bootstrap => Bootstrap::_initLogging
2018-09-06T14:29:09+00:00 INFO (6): Bootstrap => Bootstrap::_initLogging
2018-09-06T14:29:13+00:00 INFO (6): Bootstrap => Bootstrap::_initLogging
2018-09-06T14:29:20+00:00 INFO (6): Bootstrap => Bootstrap::_initLogging
2018-09-06T14:29:20+00:00 INFO (6): Bootstrap => Bootstrap::_initLogging
2018-09-06T14:29:27+00:00 INFO (6): Bootstrap => Bootstrap::_initLogging
2018-09-06T14:29:34+00:00 INFO (6): Bootstrap => Bootstrap::_initLogging
2018-09-06T14:29:35+00:00 INFO (6): Bootstrap => Bootstrap::_initLogging
2018-09-06T14:29:40+00:00 INFO (6): Bootstrap => Bootstrap::_initLogging
2018-09-06T14:29:47+00:00 INFO (6): Bootstrap => Bootstrap::_initLogging
2018-09-06T14:30:14+00:00 INFO (6): Bootstrap => Bootstrap::_initLogging
2018-09-06T14:30:19+00:00 INFO (6): Bootstrap => Bootstrap::_initLogging
2018-09-06T14:30:50+00:00 INFO (6): Bootstrap => Bootstrap::_initLogging
2018-09-06T14:31:10+00:00 INFO (6): Bootstrap => Bootstrap::_initLogging
2018-09-06T14:31:32+00:00 INFO (6): Bootstrap => Bootstrap::_initLogging
2018-09-06T14:35:06+00:00 INFO (6): Bootstrap => Bootstrap::_initLogging
2018-09-06T14:35:10+00:00 INFO (6): Bootstrap => Bootstrap::_initLogging
2018-09-06T14:35:10+00:00 INFO (6): Bootstrap => Bootstrap::_initLogging
2018-09-06T14:35:12+00:00 INFO (6): Bootstrap => Bootstrap::_initLogging
2018-09-06T14:35:13+00:00 INFO (6): Bootstrap => Bootstrap::_initLogging
2018-09-06T14:35:13+00:00 INFO (6): Bootstrap => Bootstrap::_initLogging
2018-09-06T14:35:14+00:00 INFO (6): Bootstrap => Bootstrap::_initLogging
2018-09-06T14:35:15+00:00 INFO (6): Bootstrap => Bootstrap::_initLogging
2018-09-06T14:36:45+00:00 INFO (6): Bootstrap => Bootstrap::_initLogging
2018-09-06T14:36:48+00:00 INFO (6): Bootstrap => Bootstrap::_initLogging
2018-09-06T14:36:49+00:00 INFO (6): Bootstrap => Bootstrap::_initLogging
2018-09-06T14:36:51+00:00 INFO (6): Bootstrap => Bootstrap::_initLogging
2018-09-06T14:37:02+00:00 INFO (6): Bootstrap => Bootstrap::_initLogging
2018-09-06T14:37:07+00:00 INFO (6): Bootstrap => Bootstrap::_initLogging
2018-09-06T14:37:07+00:00 INFO (6): Bootstrap => Bootstrap::_initLogging
2018-09-06T14:37:09+00:00 INFO (6): Bootstrap => Bootstrap::_initLogging
2018-09-06T14:37:12+00:00 INFO (6): Bootstrap => Bootstrap::_initLogging
2018-09-06T14:37:14+00:00 INFO (6): Bootstrap => Bootstrap::_initLogging
2018-09-06T14:37:27+00:00 INFO (6): Bootstrap => Bootstrap::_initLogging
2018-09-06T14:37:34+00:00 INFO (6): Bootstrap => Bootstrap::_initLogging
2018-09-06T14:37:46+00:00 INFO (6): Bootstrap => Bootstrap::_initLogging
2018-09-06T14:37:47+00:00 INFO (6): Bootstrap => Bootstrap::_initLogging
2018-09-06T14:37:47+00:00 INFO (6): Bootstrap => Bootstrap::_initLogging
2018-09-06T14:38:09+00:00 INFO (6): Bootstrap => Bootstrap::_initLogging
2018-09-06T14:38:13+00:00 INFO (6): Bootstrap => Bootstrap::_initLogging
2018-09-06T14:38:15+00:00 INFO (6): Bootstrap => Bootstrap::_initLogging
2018-09-06T14:38:45+00:00 INFO (6): Bootstrap => Bootstrap::_initLogging
2018-09-06T14:38:47+00:00 INFO (6): Bootstrap => Bootstrap::_initLogging
2018-09-06T14:38:47+00:00 INFO (6): Bootstrap => Bootstrap::_initLogging
2018-09-06T14:38:47+00:00 INFO (6): Bootstrap => Bootstrap::_initLogging
2018-09-06T14:38:47+00:00 CRIT (2): Application error => Resource 'js' not found
2018-09-06T14:38:47+00:00 CRIT (2): Application error => Resource 'js' not found
2018-09-06T14:38:47+00:00 CRIT (2): Application error => Resource 'css' not found
2018-09-06T14:38:49+00:00 INFO (6): Bootstrap => Bootstrap::_initLogging
2018-09-06T14:38:49+00:00 INFO (6): Bootstrap => Bootstrap::_initLogging
2018-09-06T14:38:50+00:00 CRIT (2): Application error => Resource 'css' not found
2018-09-06T14:38:50+00:00 INFO (6): Bootstrap => Bootstrap::_initLogging
2018-09-06T14:38:50+00:00 INFO (6): Bootstrap => Bootstrap::_initLogging
2018-09-06T14:38:50+00:00 CRIT (2): Application error => Resource 'js' not found
2018-09-06T14:38:50+00:00 CRIT (2): Application error => Resource 'js' not found
2018-09-06T14:38:57+00:00 INFO (6): Bootstrap => Bootstrap::_initLogging
2018-09-06T14:38:57+00:00 INFO (6): Bootstrap => Bootstrap::_initLogging
2018-09-06T14:38:57+00:00 INFO (6): Bootstrap => Bootstrap::_initLogging
2018-09-06T14:38:57+00:00 CRIT (2): Application error => Resource 'js' not found
2018-09-06T14:38:57+00:00 CRIT (2): Application error => Resource 'css' not found
2018-09-06T14:38:57+00:00 INFO (6): Bootstrap => Bootstrap::_initLogging
2018-09-06T14:38:57+00:00 CRIT (2): Application error => Resource 'js' not found
2018-09-06T14:39:07+00:00 INFO (6): Bootstrap => Bootstrap::_initLogging
2018-09-06T14:39:07+00:00 INFO (6): Bootstrap => Bootstrap::_initLogging
2018-09-06T14:39:07+00:00 INFO (6): Bootstrap => Bootstrap::_initLogging
2018-09-06T14:39:07+00:00 INFO (6): Bootstrap => Bootstrap::_initLogging
2018-09-06T14:39:07+00:00 INFO (6): Bootstrap => Bootstrap::_initLogging
2018-09-06T14:39:07+00:00 CRIT (2): Application error => Resource 'js' not found
2018-09-06T14:39:07+00:00 CRIT (2): Application error => Resource 'js' not found
2018-09-06T14:39:07+00:00 CRIT (2): Application error => Resource 'css' not found
2018-09-06T14:39:08+00:00 INFO (6): Bootstrap => Bootstrap::_initLogging
2018-09-06T14:39:09+00:00 INFO (6): Bootstrap => Bootstrap::_initLogging
2018-09-06T14:39:09+00:00 INFO (6): Bootstrap => Bootstrap::_initLogging
2018-09-06T14:39:09+00:00 INFO (6): Bootstrap => Bootstrap::_initLogging
2018-09-06T14:39:09+00:00 CRIT (2): Application error => Resource 'js' not found
2018-09-06T14:39:09+00:00 CRIT (2): Application error => Resource 'css' not found
2018-09-06T14:39:09+00:00 CRIT (2): Application error => Resource 'js' not found
2018-09-06T14:39:10+00:00 INFO (6): Bootstrap => Bootstrap::_initLogging
2018-09-06T14:39:10+00:00 INFO (6): Bootstrap => Bootstrap::_initLogging
2018-09-06T14:39:10+00:00 INFO (6): Bootstrap => Bootstrap::_initLogging
2018-09-06T14:39:10+00:00 INFO (6): Bootstrap => Bootstrap::_initLogging
2018-09-06T14:39:10+00:00 CRIT (2): Application error => Resource 'js' not found
2018-09-06T14:39:10+00:00 CRIT (2): Application error => Resource 'css' not found
2018-09-06T14:39:10+00:00 CRIT (2): Application error => Resource 'js' not found
2018-09-06T14:39:11+00:00 INFO (6): Bootstrap => Bootstrap::_initLogging
2018-09-06T14:39:11+00:00 INFO (6): Bootstrap => Bootstrap::_initLogging
2018-09-06T14:39:11+00:00 INFO (6): Bootstrap => Bootstrap::_initLogging
2018-09-06T14:39:11+00:00 INFO (6): Bootstrap => Bootstrap::_initLogging
2018-09-06T14:39:11+00:00 CRIT (2): Application error => Resource 'js' not found
2018-09-06T14:39:11+00:00 CRIT (2): Application error => Resource 'js' not found
2018-09-06T14:39:11+00:00 CRIT (2): Application error => Resource 'css' not found
2018-09-06T14:40:32+00:00 INFO (6): Bootstrap => Bootstrap::_initLogging
2018-09-06T14:40:33+00:00 INFO (6): Bootstrap => Bootstrap::_initLogging
2018-09-06T14:40:33+00:00 INFO (6): Bootstrap => Bootstrap::_initLogging
2018-09-06T14:40:33+00:00 INFO (6): Bootstrap => Bootstrap::_initLogging
2018-09-06T14:40:33+00:00 CRIT (2): Application error => Resource 'js' not found
2018-09-06T14:40:33+00:00 CRIT (2): Application error => Resource 'js' not found
2018-09-06T14:40:33+00:00 CRIT (2): Application error => Resource 'css' not found
2018-09-06T14:40:34+00:00 INFO (6): Bootstrap => Bootstrap::_initLogging
2018-09-06T14:40:34+00:00 INFO (6): Bootstrap => Bootstrap::_initLogging
2018-09-06T14:40:34+00:00 INFO (6): Bootstrap => Bootstrap::_initLogging
2018-09-06T14:40:34+00:00 INFO (6): Bootstrap => Bootstrap::_initLogging
2018-09-06T14:40:34+00:00 CRIT (2): Application error => Resource 'js' not found
2018-09-06T14:40:34+00:00 CRIT (2): Application error => Resource 'js' not found
2018-09-06T14:40:34+00:00 CRIT (2): Application error => Resource 'css' not found
2018-09-06T14:40:38+00:00 INFO (6): Bootstrap => Bootstrap::_initLogging
2018-09-06T14:40:39+00:00 INFO (6): Bootstrap => Bootstrap::_initLogging
2018-09-06T14:40:39+00:00 INFO (6): Bootstrap => Bootstrap::_initLogging
2018-09-06T14:40:39+00:00 INFO (6): Bootstrap => Bootstrap::_initLogging
2018-09-06T14:40:39+00:00 CRIT (2): Application error => Resource 'js' not found
2018-09-06T14:40:39+00:00 CRIT (2): Application error => Resource 'js' not found
2018-09-06T14:40:39+00:00 CRIT (2): Application error => Resource 'css' not found
2018-09-06T14:40:40+00:00 INFO (6): Bootstrap => Bootstrap::_initLogging
2018-09-06T14:40:40+00:00 INFO (6): Bootstrap => Bootstrap::_initLogging
2018-09-06T14:40:40+00:00 INFO (6): Bootstrap => Bootstrap::_initLogging
2018-09-06T14:40:40+00:00 CRIT (2): Application error => Resource 'js' not found
2018-09-06T14:40:40+00:00 CRIT (2): Application error => Resource 'css' not found
2018-09-06T14:40:40+00:00 INFO (6): Bootstrap => Bootstrap::_initLogging
2018-09-06T14:40:40+00:00 CRIT (2): Application error => Resource 'js' not found
2018-09-06T14:40:42+00:00 INFO (6): Bootstrap => Bootstrap::_initLogging
2018-09-06T14:42:18+00:00 INFO (6): Bootstrap => Bootstrap::_initLogging
2018-09-06T14:42:24+00:00 INFO (6): Bootstrap => Bootstrap::_initLogging
2018-09-06T14:42:25+00:00 INFO (6): Bootstrap => Bootstrap::_initLogging
2018-09-06T14:42:25+00:00 INFO (6): Bootstrap => Bootstrap::_initLogging
2018-09-06T14:42:25+00:00 INFO (6): Bootstrap => Bootstrap::_initLogging
2018-09-06T14:42:25+00:00 CRIT (2): Application error => Resource 'js' not found
2018-09-06T14:42:25+00:00 CRIT (2): Application error => Resource 'js' not found
2018-09-06T14:42:25+00:00 CRIT (2): Application error => Resource 'css' not found
2018-09-06T14:42:26+00:00 INFO (6): Bootstrap => Bootstrap::_initLogging
2018-09-06T14:42:26+00:00 INFO (6): Bootstrap => Bootstrap::_initLogging
2018-09-06T14:42:26+00:00 INFO (6): Bootstrap => Bootstrap::_initLogging
2018-09-06T14:42:26+00:00 INFO (6): Bootstrap => Bootstrap::_initLogging
2018-09-06T14:42:27+00:00 CRIT (2): Application error => Resource 'js' not found
2018-09-06T14:42:27+00:00 CRIT (2): Application error => Resource 'js' not found
2018-09-06T14:42:27+00:00 CRIT (2): Application error => Resource 'css' not found
2018-09-06T14:42:32+00:00 INFO (6): Bootstrap => Bootstrap::_initLogging
2018-09-06T14:42:32+00:00 INFO (6): Bootstrap => Bootstrap::_initLogging
2018-09-06T14:42:32+00:00 INFO (6): Bootstrap => Bootstrap::_initLogging
2018-09-06T14:42:32+00:00 INFO (6): Bootstrap => Bootstrap::_initLogging
2018-09-06T14:42:32+00:00 INFO (6): Bootstrap => Bootstrap::_initLogging
2018-09-06T14:42:32+00:00 CRIT (2): Application error => Resource 'js' not found
2018-09-06T14:42:33+00:00 CRIT (2): Application error => Resource 'js' not found
2018-09-06T14:42:33+00:00 CRIT (2): Application error => Resource 'css' not found
2018-09-06T14:42:33+00:00 INFO (6): Bootstrap => Bootstrap::_initLogging
2018-09-06T14:42:34+00:00 INFO (6): Bootstrap => Bootstrap::_initLogging
2018-09-06T14:42:34+00:00 INFO (6): Bootstrap => Bootstrap::_initLogging
2018-09-06T14:42:34+00:00 INFO (6): Bootstrap => Bootstrap::_initLogging
2018-09-06T14:42:34+00:00 CRIT (2): Application error => Resource 'js' not found
2018-09-06T14:42:34+00:00 CRIT (2): Application error => Resource 'js' not found
2018-09-06T14:42:34+00:00 CRIT (2): Application error => Resource 'css' not found
2018-09-06T14:42:36+00:00 INFO (6): Bootstrap => Bootstrap::_initLogging
2018-09-06T14:42:36+00:00 INFO (6): Bootstrap => Bootstrap::_initLogging
2018-09-06T14:42:36+00:00 INFO (6): Bootstrap => Bootstrap::_initLogging
2018-09-06T14:42:36+00:00 INFO (6): Bootstrap => Bootstrap::_initLogging
2018-09-06T14:42:36+00:00 CRIT (2): Application error => Resource 'js' not found
2018-09-06T14:42:36+00:00 CRIT (2): Application error => Resource 'js' not found
2018-09-06T14:42:36+00:00 CRIT (2): Application error => Resource 'css' not found
2018-09-06T14:42:39+00:00 INFO (6): Bootstrap => Bootstrap::_initLogging
2018-09-06T14:43:36+00:00 INFO (6): Bootstrap => Bootstrap::_initLogging
2018-09-06T14:43:36+00:00 INFO (6): Bootstrap => Bootstrap::_initLogging
2018-09-06T14:43:36+00:00 INFO (6): Bootstrap => Bootstrap::_initLogging
2018-09-06T14:43:36+00:00 INFO (6): Bootstrap => Bootstrap::_initLogging
2018-09-06T14:43:36+00:00 CRIT (2): Application error => Resource 'js' not found
2018-09-06T14:43:36+00:00 CRIT (2): Application error => Resource 'js' not found
2018-09-06T14:43:36+00:00 CRIT (2): Application error => Resource 'css' not found
2018-09-06T14:43:37+00:00 INFO (6): Bootstrap => Bootstrap::_initLogging
2018-09-06T14:43:38+00:00 INFO (6): Bootstrap => Bootstrap::_initLogging
2018-09-06T14:43:38+00:00 INFO (6): Bootstrap => Bootstrap::_initLogging
2018-09-06T14:43:38+00:00 INFO (6): Bootstrap => Bootstrap::_initLogging
2018-09-06T14:43:38+00:00 CRIT (2): Application error => Resource 'js' not found
2018-09-06T14:43:38+00:00 CRIT (2): Application error => Resource 'css' not found
2018-09-06T14:43:38+00:00 CRIT (2): Application error => Resource 'js' not found
2018-09-06T14:43:39+00:00 INFO (6): Bootstrap => Bootstrap::_initLogging
2018-09-06T14:43:39+00:00 INFO (6): Bootstrap => Bootstrap::_initLogging
2018-09-06T14:43:39+00:00 INFO (6): Bootstrap => Bootstrap::_initLogging
2018-09-06T14:43:39+00:00 INFO (6): Bootstrap => Bootstrap::_initLogging
2018-09-06T14:43:39+00:00 CRIT (2): Application error => Resource 'js' not found
2018-09-06T14:43:39+00:00 CRIT (2): Application error => Resource 'css' not found
2018-09-06T14:43:39+00:00 CRIT (2): Application error => Resource 'js' not found
2018-09-06T14:43:40+00:00 INFO (6): Bootstrap => Bootstrap::_initLogging
2018-09-06T14:43:40+00:00 INFO (6): Bootstrap => Bootstrap::_initLogging
2018-09-06T14:43:40+00:00 INFO (6): Bootstrap => Bootstrap::_initLogging
2018-09-06T14:43:40+00:00 INFO (6): Bootstrap => Bootstrap::_initLogging
2018-09-06T14:43:40+00:00 CRIT (2): Application error => Resource 'js' not found
2018-09-06T14:43:40+00:00 CRIT (2): Application error => Resource 'js' not found
2018-09-06T14:43:40+00:00 CRIT (2): Application error => Resource 'css' not found
2018-09-06T14:45:26+00:00 INFO (6): Bootstrap => Bootstrap::_initLogging
2018-09-06T14:45:26+00:00 INFO (6): Bootstrap => Bootstrap::_initLogging
2018-09-06T14:45:26+00:00 INFO (6): Bootstrap => Bootstrap::_initLogging
2018-09-06T14:45:26+00:00 CRIT (2): Application error => Resource 'js' not found
2018-09-06T14:45:26+00:00 CRIT (2): Application error => Resource 'css' not found
2018-09-06T14:45:26+00:00 INFO (6): Bootstrap => Bootstrap::_initLogging
2018-09-06T14:45:26+00:00 CRIT (2): Application error => Resource 'js' not found
2018-09-06T14:45:28+00:00 INFO (6): Bootstrap => Bootstrap::_initLogging
2018-09-06T14:45:28+00:00 CRIT (2): Application error => Illegal index 0
2018-09-06T14:46:16+00:00 INFO (6): Bootstrap => Bootstrap::_initLogging
2018-09-06T14:46:17+00:00 INFO (6): Bootstrap => Bootstrap::_initLogging
2018-09-06T14:46:17+00:00 INFO (6): Bootstrap => Bootstrap::_initLogging
2018-09-06T14:46:17+00:00 INFO (6): Bootstrap => Bootstrap::_initLogging
2018-09-06T14:46:17+00:00 CRIT (2): Application error => Resource 'js' not found
2018-09-06T14:46:17+00:00 CRIT (2): Application error => Resource 'css' not found
2018-09-06T14:46:17+00:00 CRIT (2): Application error => Resource 'js' not found
2018-09-06T14:46:30+00:00 INFO (6): Bootstrap => Bootstrap::_initLogging
2018-09-06T14:46:30+00:00 INFO (6): Bootstrap => Bootstrap::_initLogging
2018-09-06T14:46:30+00:00 INFO (6): Bootstrap => Bootstrap::_initLogging
2018-09-06T14:46:30+00:00 INFO (6): Bootstrap => Bootstrap::_initLogging
2018-09-06T14:46:30+00:00 CRIT (2): Application error => Resource 'js' not found
2018-09-06T14:46:31+00:00 CRIT (2): Application error => Resource 'js' not found
2018-09-06T14:46:31+00:00 CRIT (2): Application error => Resource 'css' not found
2018-09-06T14:46:33+00:00 INFO (6): Bootstrap => Bootstrap::_initLogging
2018-09-06T14:48:20+00:00 INFO (6): Bootstrap => Bootstrap::_initLogging
2018-09-06T14:48:22+00:00 INFO (6): Bootstrap => Bootstrap::_initLogging
2018-09-06T14:48:22+00:00 INFO (6): Bootstrap => Bootstrap::_initLogging
2018-09-06T14:48:22+00:00 INFO (6): Bootstrap => Bootstrap::_initLogging
2018-09-06T14:48:22+00:00 CRIT (2): Application error => Resource 'js' not found
2018-09-06T14:48:22+00:00 CRIT (2): Application error => Resource 'js' not found
2018-09-06T14:48:23+00:00 CRIT (2): Application error => Resource 'css' not found
2018-09-06T14:48:25+00:00 INFO (6): Bootstrap => Bootstrap::_initLogging
2018-09-06T14:48:38+00:00 INFO (6): Bootstrap => Bootstrap::_initLogging
2018-09-06T14:48:38+00:00 INFO (6): Bootstrap => Bootstrap::_initLogging
2018-09-06T14:48:38+00:00 CRIT (2): Application error => Resource 'css' not found
2018-09-06T14:48:38+00:00 INFO (6): Bootstrap => Bootstrap::_initLogging
2018-09-06T14:48:38+00:00 INFO (6): Bootstrap => Bootstrap::_initLogging
2018-09-06T14:48:38+00:00 CRIT (2): Application error => Resource 'js' not found
2018-09-06T14:48:38+00:00 CRIT (2): Application error => Resource 'js' not found
2018-09-06T14:48:39+00:00 INFO (6): Bootstrap => Bootstrap::_initLogging
2018-09-06T14:50:24+00:00 INFO (6): Bootstrap => Bootstrap::_initLogging
2018-09-06T14:50:24+00:00 INFO (6): Bootstrap => Bootstrap::_initLogging
2018-09-06T14:50:24+00:00 INFO (6): Bootstrap => Bootstrap::_initLogging
2018-09-06T14:50:24+00:00 CRIT (2): Application error => Resource 'js' not found
2018-09-06T14:50:25+00:00 CRIT (2): Application error => Resource 'css' not found
2018-09-06T14:50:25+00:00 INFO (6): Bootstrap => Bootstrap::_initLogging
2018-09-06T14:50:25+00:00 CRIT (2): Application error => Resource 'js' not found
2018-09-06T14:50:26+00:00 INFO (6): Bootstrap => Bootstrap::_initLogging
2018-09-06T14:50:45+00:00 INFO (6): Bootstrap => Bootstrap::_initLogging
2018-09-06T14:50:46+00:00 INFO (6): Bootstrap => Bootstrap::_initLogging
2018-09-06T14:50:46+00:00 INFO (6): Bootstrap => Bootstrap::_initLogging
2018-09-06T14:50:46+00:00 INFO (6): Bootstrap => Bootstrap::_initLogging
2018-09-06T14:50:46+00:00 CRIT (2): Application error => Resource 'js' not found
2018-09-06T14:50:46+00:00 CRIT (2): Application error => Resource 'js' not found
2018-09-06T14:50:46+00:00 CRIT (2): Application error => Resource 'css' not found
2018-09-06T14:50:47+00:00 INFO (6): Bootstrap => Bootstrap::_initLogging
2018-09-06T14:50:52+00:00 INFO (6): Bootstrap => Bootstrap::_initLogging
2018-09-06T14:51:03+00:00 INFO (6): Bootstrap => Bootstrap::_initLogging
2018-09-06T14:52:01+00:00 INFO (6): Bootstrap => Bootstrap::_initLogging
2018-09-06T14:56:15+00:00 INFO (6): Bootstrap => Bootstrap::_initLogging
2018-09-06T14:56:16+00:00 INFO (6): Bootstrap => Bootstrap::_initLogging
2018-09-06T14:56:19+00:00 INFO (6): Bootstrap => Bootstrap::_initLogging
2018-09-06T14:56:25+00:00 INFO (6): Bootstrap => Bootstrap::_initLogging
2018-09-06T14:56:25+00:00 INFO (6): Bootstrap => Bootstrap::_initLogging
2018-09-06T14:56:27+00:00 INFO (6): Bootstrap => Bootstrap::_initLogging
2018-09-06T14:56:28+00:00 INFO (6): Bootstrap => Bootstrap::_initLogging
2018-09-06T14:56:29+00:00 INFO (6): Bootstrap => Bootstrap::_initLogging
2018-09-06T14:57:01+00:00 INFO (6): Bootstrap => Bootstrap::_initLogging
2018-09-06T14:57:02+00:00 INFO (6): Bootstrap => Bootstrap::_initLogging
2018-09-06T14:57:03+00:00 INFO (6): Bootstrap => Bootstrap::_initLogging
2018-09-06T14:57:03+00:00 INFO (6): Bootstrap => Bootstrap::_initLogging
2018-09-06T14:57:04+00:00 INFO (6): Bootstrap => Bootstrap::_initLogging
2018-09-06T14:57:04+00:00 INFO (6): Bootstrap => Bootstrap::_initLogging
2018-09-06T14:57:05+00:00 INFO (6): Bootstrap => Bootstrap::_initLogging
2018-09-06T18:50:05+00:00 INFO (6): Bootstrap => Bootstrap::_initLogging
2018-09-06T18:50:22+00:00 INFO (6): Bootstrap => Bootstrap::_initLogging
2018-09-06T18:50:24+00:00 INFO (6): Bootstrap => Bootstrap::_initLogging
2018-09-06T18:50:25+00:00 INFO (6): Bootstrap => Bootstrap::_initLogging
2018-09-06T18:50:32+00:00 INFO (6): Bootstrap => Bootstrap::_initLogging
2018-09-06T18:51:00+00:00 INFO (6): Bootstrap => Bootstrap::_initLogging
2018-09-06T18:51:08+00:00 INFO (6): Bootstrap => Bootstrap::_initLogging
2018-09-06T18:51:09+00:00 INFO (6): Bootstrap => Bootstrap::_initLogging
2018-09-06T18:51:10+00:00 INFO (6): Bootstrap => Bootstrap::_initLogging
2018-09-06T18:51:10+00:00 INFO (6): Bootstrap => Bootstrap::_initLogging
2018-09-06T18:51:11+00:00 INFO (6): Bootstrap => Bootstrap::_initLogging
2018-09-06T18:51:11+00:00 INFO (6): Bootstrap => Bootstrap::_initLogging
2018-09-06T18:51:12+00:00 INFO (6): Bootstrap => Bootstrap::_initLogging
2018-09-06T18:51:14+00:00 INFO (6): Bootstrap => Bootstrap::_initLogging
2018-09-06T18:51:14+00:00 INFO (6): Bootstrap => Bootstrap::_initLogging
2018-09-06T18:51:15+00:00 INFO (6): Bootstrap => Bootstrap::_initLogging
2018-09-06T18:51:18+00:00 INFO (6): Bootstrap => Bootstrap::_initLogging
2018-09-06T18:51:46+00:00 INFO (6): Bootstrap => Bootstrap::_initLogging
2018-09-06T18:51:50+00:00 INFO (6): Bootstrap => Bootstrap::_initLogging
2018-09-06T18:51:50+00:00 INFO (6): Bootstrap => Bootstrap::_initLogging
2018-09-06T18:51:52+00:00 INFO (6): Bootstrap => Bootstrap::_initLogging
2018-09-06T18:51:54+00:00 INFO (6): Bootstrap => Bootstrap::_initLogging
2018-09-06T18:51:57+00:00 INFO (6): Bootstrap => Bootstrap::_initLogging
2018-09-06T18:52:08+00:00 INFO (6): Bootstrap => Bootstrap::_initLogging
2018-09-06T18:52:14+00:00 INFO (6): Bootstrap => Bootstrap::_initLogging
2018-09-06T18:52:17+00:00 INFO (6): Bootstrap => Bootstrap::_initLogging
2018-09-06T18:52:29+00:00 INFO (6): Bootstrap => Bootstrap::_initLogging
2018-09-06T18:54:16+00:00 INFO (6): Bootstrap => Bootstrap::_initLogging
2018-09-06T18:54:23+00:00 INFO (6): Bootstrap => Bootstrap::_initLogging
2018-09-06T18:54:42+00:00 INFO (6): Bootstrap => Bootstrap::_initLogging
2018-09-06T18:54:42+00:00 INFO (6): Bootstrap => Bootstrap::_initLogging
2018-09-06T18:54:47+00:00 INFO (6): Bootstrap => Bootstrap::_initLogging
2018-09-06T18:54:47+00:00 INFO (6): Bootstrap => Bootstrap::_initLogging
2018-09-06T18:54:49+00:00 INFO (6): Bootstrap => Bootstrap::_initLogging
2018-09-06T18:54:50+00:00 INFO (6): Bootstrap => Bootstrap::_initLogging
2018-09-06T18:54:51+00:00 INFO (6): Bootstrap => Bootstrap::_initLogging
2018-09-06T18:54:53+00:00 INFO (6): Bootstrap => Bootstrap::_initLogging
2018-09-06T18:55:00+00:00 INFO (6): Bootstrap => Bootstrap::_initLogging
2018-09-06T18:56:41+00:00 INFO (6): Bootstrap => Bootstrap::_initLogging
2018-09-06T18:56:42+00:00 INFO (6): Bootstrap => Bootstrap::_initLogging
2018-09-06T18:57:01+00:00 INFO (6): Bootstrap => Bootstrap::_initLogging
2018-09-06T18:57:04+00:00 INFO (6): Bootstrap => Bootstrap::_initLogging
2018-09-06T18:57:14+00:00 INFO (6): Bootstrap => Bootstrap::_initLogging
2018-09-06T18:57:29+00:00 INFO (6): Bootstrap => Bootstrap::_initLogging
2018-09-06T18:57:31+00:00 INFO (6): Bootstrap => Bootstrap::_initLogging
2018-09-06T18:58:01+00:00 INFO (6): Bootstrap => Bootstrap::_initLogging
2018-09-06T18:58:39+00:00 INFO (6): Bootstrap => Bootstrap::_initLogging
2018-09-06T18:58:42+00:00 INFO (6): Bootstrap => Bootstrap::_initLogging
2018-09-06T18:58:50+00:00 INFO (6): Bootstrap => Bootstrap::_initLogging
2018-09-06T18:58:52+00:00 INFO (6): Bootstrap => Bootstrap::_initLogging
2018-09-06T19:00:45+00:00 INFO (6): Bootstrap => Bootstrap::_initLogging
2018-09-06T19:00:47+00:00 INFO (6): Bootstrap => Bootstrap::_initLogging
2018-09-06T19:00:48+00:00 INFO (6): Bootstrap => Bootstrap::_initLogging
2018-09-06T19:00:48+00:00 INFO (6): Bootstrap => Bootstrap::_initLogging
2018-09-06T19:00:48+00:00 INFO (6): Bootstrap => Bootstrap::_initLogging
2018-09-06T19:00:48+00:00 CRIT (2): Application error => Resource 'js' not found
2018-09-06T19:00:49+00:00 CRIT (2): Application error => Resource 'js' not found
2018-09-06T19:00:49+00:00 CRIT (2): Application error => Resource 'css' not found
2018-09-06T19:01:29+00:00 INFO (6): Bootstrap => Bootstrap::_initLogging
2018-09-06T19:01:29+00:00 INFO (6): Bootstrap => Bootstrap::_initLogging
2018-09-06T19:01:29+00:00 CRIT (2): Application error => Resource 'css' not found
2018-09-06T19:01:30+00:00 INFO (6): Bootstrap => Bootstrap::_initLogging
2018-09-06T19:01:30+00:00 INFO (6): Bootstrap => Bootstrap::_initLogging
2018-09-06T19:01:30+00:00 CRIT (2): Application error => Resource 'js' not found
2018-09-06T19:01:30+00:00 CRIT (2): Application error => Resource 'js' not found
2018-09-06T19:01:30+00:00 INFO (6): Bootstrap => Bootstrap::_initLogging
2018-09-06T19:01:35+00:00 INFO (6): Bootstrap => Bootstrap::_initLogging
2018-09-06T19:01:36+00:00 INFO (6): Bootstrap => Bootstrap::_initLogging
2018-09-06T19:01:36+00:00 INFO (6): Bootstrap => Bootstrap::_initLogging
2018-09-06T19:01:36+00:00 INFO (6): Bootstrap => Bootstrap::_initLogging
2018-09-06T19:01:36+00:00 CRIT (2): Application error => Resource 'js' not found
2018-09-06T19:01:36+00:00 CRIT (2): Application error => Resource 'js' not found
2018-09-06T19:01:36+00:00 CRIT (2): Application error => Resource 'css' not found
2018-09-06T19:01:36+00:00 INFO (6): Bootstrap => Bootstrap::_initLogging
2018-09-06T19:02:11+00:00 INFO (6): Bootstrap => Bootstrap::_initLogging
2018-09-06T19:02:12+00:00 INFO (6): Bootstrap => Bootstrap::_initLogging
2018-09-06T19:02:12+00:00 INFO (6): Bootstrap => Bootstrap::_initLogging
2018-09-06T19:02:12+00:00 INFO (6): Bootstrap => Bootstrap::_initLogging
2018-09-06T19:02:12+00:00 CRIT (2): Application error => Resource 'js' not found
2018-09-06T19:02:12+00:00 CRIT (2): Application error => Resource 'js' not found
2018-09-06T19:02:12+00:00 CRIT (2): Application error => Resource 'css' not found
2018-09-06T19:02:14+00:00 INFO (6): Bootstrap => Bootstrap::_initLogging
2018-09-06T19:02:14+00:00 INFO (6): Bootstrap => Bootstrap::_initLogging
2018-09-06T19:02:14+00:00 CRIT (2): Application error => Resource 'js' not found
2018-09-06T19:02:14+00:00 INFO (6): Bootstrap => Bootstrap::_initLogging
2018-09-06T19:02:14+00:00 CRIT (2): Application error => Resource 'css' not found
2018-09-06T19:02:14+00:00 INFO (6): Bootstrap => Bootstrap::_initLogging
2018-09-06T19:02:14+00:00 CRIT (2): Application error => Resource 'js' not found
2018-09-06T19:02:27+00:00 INFO (6): Bootstrap => Bootstrap::_initLogging
2018-09-06T19:02:28+00:00 INFO (6): Bootstrap => Bootstrap::_initLogging
2018-09-06T19:02:28+00:00 INFO (6): Bootstrap => Bootstrap::_initLogging
2018-09-06T19:02:28+00:00 INFO (6): Bootstrap => Bootstrap::_initLogging
2018-09-06T19:02:28+00:00 CRIT (2): Application error => Resource 'js' not found
2018-09-06T19:02:28+00:00 CRIT (2): Application error => Resource 'js' not found
2018-09-06T19:02:28+00:00 CRIT (2): Application error => Resource 'css' not found
2018-09-06T19:02:28+00:00 INFO (6): Bootstrap => Bootstrap::_initLogging
2018-09-06T19:02:29+00:00 INFO (6): Bootstrap => Bootstrap::_initLogging
2018-09-06T19:02:29+00:00 INFO (6): Bootstrap => Bootstrap::_initLogging
2018-09-06T19:02:29+00:00 INFO (6): Bootstrap => Bootstrap::_initLogging
2018-09-06T19:02:29+00:00 CRIT (2): Application error => Resource 'js' not found
2018-09-06T19:02:29+00:00 CRIT (2): Application error => Resource 'js' not found
2018-09-06T19:02:29+00:00 CRIT (2): Application error => Resource 'css' not found
2018-09-06T19:02:30+00:00 INFO (6): Bootstrap => Bootstrap::_initLogging
2018-09-06T19:02:31+00:00 INFO (6): Bootstrap => Bootstrap::_initLogging
2018-09-06T19:02:31+00:00 CRIT (2): Application error => Resource 'css' not found
2018-09-06T19:02:31+00:00 INFO (6): Bootstrap => Bootstrap::_initLogging
2018-09-06T19:02:31+00:00 CRIT (2): Application error => Resource 'js' not found
2018-09-06T19:02:33+00:00 INFO (6): Bootstrap => Bootstrap::_initLogging
2018-09-06T19:02:33+00:00 CRIT (2): Application error => Resource 'js' not found
2018-09-06T19:02:33+00:00 INFO (6): Bootstrap => Bootstrap::_initLogging
2018-09-06T19:02:33+00:00 CRIT (2): Application error => Resource 'js' not found
2018-09-06T19:02:54+00:00 INFO (6): Bootstrap => Bootstrap::_initLogging
2018-09-06T19:02:54+00:00 INFO (6): Bootstrap => Bootstrap::_initLogging
2018-09-06T19:02:54+00:00 INFO (6): Bootstrap => Bootstrap::_initLogging
2018-09-06T19:02:54+00:00 INFO (6): Bootstrap => Bootstrap::_initLogging
2018-09-06T19:02:54+00:00 CRIT (2): Application error => Resource 'js' not found
2018-09-06T19:02:54+00:00 CRIT (2): Application error => Resource 'js' not found
2018-09-06T19:02:54+00:00 CRIT (2): Application error => Resource 'css' not found
2018-09-06T19:02:55+00:00 INFO (6): Bootstrap => Bootstrap::_initLogging
2018-09-06T19:02:55+00:00 INFO (6): Bootstrap => Bootstrap::_initLogging
2018-09-06T19:02:55+00:00 INFO (6): Bootstrap => Bootstrap::_initLogging
2018-09-06T19:02:55+00:00 INFO (6): Bootstrap => Bootstrap::_initLogging
2018-09-06T19:02:55+00:00 CRIT (2): Application error => Resource 'js' not found
2018-09-06T19:02:55+00:00 CRIT (2): Application error => Resource 'css' not found
2018-09-06T19:02:55+00:00 CRIT (2): Application error => Resource 'js' not found
2018-09-06T19:03:02+00:00 INFO (6): Bootstrap => Bootstrap::_initLogging
2018-09-06T19:03:02+00:00 INFO (6): Bootstrap => Bootstrap::_initLogging
2018-09-06T19:03:02+00:00 INFO (6): Bootstrap => Bootstrap::_initLogging
2018-09-06T19:03:02+00:00 INFO (6): Bootstrap => Bootstrap::_initLogging
2018-09-06T19:03:03+00:00 CRIT (2): Application error => Resource 'js' not found
2018-09-06T19:03:03+00:00 CRIT (2): Application error => Resource 'js' not found
2018-09-06T19:03:03+00:00 CRIT (2): Application error => Resource 'css' not found
2018-09-06T19:03:30+00:00 INFO (6): Bootstrap => Bootstrap::_initLogging
2018-09-06T19:03:30+00:00 INFO (6): Bootstrap => Bootstrap::_initLogging
2018-09-06T19:03:30+00:00 INFO (6): Bootstrap => Bootstrap::_initLogging
2018-09-06T19:03:30+00:00 INFO (6): Bootstrap => Bootstrap::_initLogging
2018-09-06T19:03:30+00:00 CRIT (2): Application error => Resource 'js' not found
2018-09-06T19:03:30+00:00 CRIT (2): Application error => Resource 'js' not found
2018-09-06T19:03:30+00:00 CRIT (2): Application error => Resource 'css' not found
2018-09-06T19:03:32+00:00 INFO (6): Bootstrap => Bootstrap::_initLogging
2018-09-06T19:03:36+00:00 INFO (6): Bootstrap => Bootstrap::_initLogging
2018-09-06T19:03:41+00:00 INFO (6): Bootstrap => Bootstrap::_initLogging
2018-09-06T19:03:45+00:00 INFO (6): Bootstrap => Bootstrap::_initLogging
2018-09-06T19:03:48+00:00 INFO (6): Bootstrap => Bootstrap::_initLogging
2018-09-06T19:03:58+00:00 INFO (6): Bootstrap => Bootstrap::_initLogging
2018-09-06T19:03:58+00:00 INFO (6): Bootstrap => Bootstrap::_initLogging
2018-09-06T19:04:05+00:00 INFO (6): Bootstrap => Bootstrap::_initLogging
2018-09-06T19:04:23+00:00 INFO (6): Bootstrap => Bootstrap::_initLogging
2018-09-06T19:04:30+00:00 INFO (6): Bootstrap => Bootstrap::_initLogging
2018-09-06T19:04:32+00:00 INFO (6): Bootstrap => Bootstrap::_initLogging
2018-09-06T19:04:36+00:00 INFO (6): Bootstrap => Bootstrap::_initLogging
2018-09-06T19:04:38+00:00 INFO (6): Bootstrap => Bootstrap::_initLogging
2018-09-06T19:12:29+00:00 INFO (6): Bootstrap => Bootstrap::_initLogging
2018-09-06T19:12:32+00:00 INFO (6): Bootstrap => Bootstrap::_initLogging
2018-09-06T19:12:32+00:00 INFO (6): Bootstrap => Bootstrap::_initLogging
2018-09-06T19:12:33+00:00 INFO (6): Bootstrap => Bootstrap::_initLogging
2018-09-06T19:12:34+00:00 INFO (6): Bootstrap => Bootstrap::_initLogging
2018-09-06T19:12:36+00:00 INFO (6): Bootstrap => Bootstrap::_initLogging
2018-09-06T19:12:37+00:00 INFO (6): Bootstrap => Bootstrap::_initLogging
2018-09-06T19:12:38+00:00 INFO (6): Bootstrap => Bootstrap::_initLogging
2018-09-06T19:12:39+00:00 INFO (6): Bootstrap => Bootstrap::_initLogging
2018-09-06T19:12:41+00:00 INFO (6): Bootstrap => Bootstrap::_initLogging
2018-09-06T19:12:43+00:00 INFO (6): Bootstrap => Bootstrap::_initLogging
2018-09-06T19:12:45+00:00 INFO (6): Bootstrap => Bootstrap::_initLogging
2018-09-06T19:12:46+00:00 INFO (6): Bootstrap => Bootstrap::_initLogging
2018-09-06T19:12:47+00:00 INFO (6): Bootstrap => Bootstrap::_initLogging
2018-09-06T19:12:48+00:00 INFO (6): Bootstrap => Bootstrap::_initLogging
2018-09-06T19:12:53+00:00 INFO (6): Bootstrap => Bootstrap::_initLogging
2018-09-06T19:12:55+00:00 INFO (6): Bootstrap => Bootstrap::_initLogging
2018-09-06T19:12:56+00:00 INFO (6): Bootstrap => Bootstrap::_initLogging
2018-09-06T19:13:40+00:00 INFO (6): Bootstrap => Bootstrap::_initLogging
2018-09-06T19:13:40+00:00 INFO (6): Bootstrap => Bootstrap::_initLogging
2018-09-06T19:13:42+00:00 INFO (6): Bootstrap => Bootstrap::_initLogging
2018-09-06T19:13:44+00:00 INFO (6): Bootstrap => Bootstrap::_initLogging
2018-09-06T19:13:45+00:00 INFO (6): Bootstrap => Bootstrap::_initLogging
2018-09-06T19:13:47+00:00 INFO (6): Bootstrap => Bootstrap::_initLogging
2018-09-06T19:13:47+00:00 INFO (6): Bootstrap => Bootstrap::_initLogging
2018-09-06T19:13:48+00:00 INFO (6): Bootstrap => Bootstrap::_initLogging
2018-09-06T19:13:49+00:00 INFO (6): Bootstrap => Bootstrap::_initLogging
2018-09-06T19:13:49+00:00 INFO (6): Bootstrap => Bootstrap::_initLogging
2018-09-06T19:14:59+00:00 INFO (6): Bootstrap => Bootstrap::_initLogging
2018-09-06T19:15:01+00:00 INFO (6): Bootstrap => Bootstrap::_initLogging
2018-09-06T19:15:01+00:00 INFO (6): Bootstrap => Bootstrap::_initLogging
2018-09-06T19:15:02+00:00 INFO (6): Bootstrap => Bootstrap::_initLogging
2018-09-06T19:16:19+00:00 INFO (6): Bootstrap => Bootstrap::_initLogging
2018-09-06T19:16:32+00:00 INFO (6): Bootstrap => Bootstrap::_initLogging
2018-09-06T19:16:32+00:00 INFO (6): Bootstrap => Bootstrap::_initLogging
2018-09-06T19:16:33+00:00 INFO (6): Bootstrap => Bootstrap::_initLogging
2018-09-06T19:16:34+00:00 INFO (6): Bootstrap => Bootstrap::_initLogging
2018-09-06T19:16:36+00:00 INFO (6): Bootstrap => Bootstrap::_initLogging
2018-09-06T19:16:39+00:00 INFO (6): Bootstrap => Bootstrap::_initLogging
2018-09-06T19:16:40+00:00 INFO (6): Bootstrap => Bootstrap::_initLogging
2018-09-06T19:16:43+00:00 INFO (6): Bootstrap => Bootstrap::_initLogging
2018-09-06T19:16:59+00:00 INFO (6): Bootstrap => Bootstrap::_initLogging
2018-09-06T19:16:59+00:00 INFO (6): Bootstrap => Bootstrap::_initLogging
2018-09-06T19:17:00+00:00 INFO (6): Bootstrap => Bootstrap::_initLogging
2018-09-06T19:17:01+00:00 INFO (6): Bootstrap => Bootstrap::_initLogging
2018-09-06T19:17:06+00:00 INFO (6): Bootstrap => Bootstrap::_initLogging
2018-09-06T19:19:24+00:00 INFO (6): Bootstrap => Bootstrap::_initLogging
2018-09-06T19:19:24+00:00 INFO (6): Bootstrap => Bootstrap::_initLogging
2018-09-06T19:21:41+00:00 INFO (6): Bootstrap => Bootstrap::_initLogging
2018-09-06T19:21:42+00:00 INFO (6): Bootstrap => Bootstrap::_initLogging
2018-09-06T19:21:47+00:00 INFO (6): Bootstrap => Bootstrap::_initLogging
2018-09-06T19:21:51+00:00 INFO (6): Bootstrap => Bootstrap::_initLogging
2018-09-06T19:22:52+00:00 INFO (6): Bootstrap => Bootstrap::_initLogging
2018-09-06T19:22:55+00:00 INFO (6): Bootstrap => Bootstrap::_initLogging
2018-09-06T19:22:56+00:00 INFO (6): Bootstrap => Bootstrap::_initLogging
2018-09-06T19:22:58+00:00 INFO (6): Bootstrap => Bootstrap::_initLogging
2018-09-06T19:26:07+00:00 INFO (6): Bootstrap => Bootstrap::_initLogging
2018-09-06T19:26:08+00:00 INFO (6): Bootstrap => Bootstrap::_initLogging
2018-09-06T19:26:09+00:00 INFO (6): Bootstrap => Bootstrap::_initLogging
2018-09-06T19:26:10+00:00 INFO (6): Bootstrap => Bootstrap::_initLogging
2018-09-06T19:26:10+00:00 INFO (6): Bootstrap => Bootstrap::_initLogging
2018-09-06T19:26:11+00:00 INFO (6): Bootstrap => Bootstrap::_initLogging
2018-09-06T19:26:11+00:00 INFO (6): Bootstrap => Bootstrap::_initLogging
2018-09-06T19:26:12+00:00 INFO (6): Bootstrap => Bootstrap::_initLogging
2018-09-06T19:26:13+00:00 INFO (6): Bootstrap => Bootstrap::_initLogging
2018-09-06T19:26:16+00:00 INFO (6): Bootstrap => Bootstrap::_initLogging
